<?xml version="1.0" encoding="UTF-8"?>
<testsuite name="ee.taltech.inbankbackend.InbankBackendApplicationTests" tests="1" skipped="0" failures="0" errors="0" timestamp="2024-04-15T20:47:12" hostname="Ukus-MBP.lan" time="0.003">
  <properties/>
  <testcase name="contextLoads()" classname="ee.taltech.inbankbackend.InbankBackendApplicationTests" time="0.003"/>
  <system-out><![CDATA[23:47:11.477 [Test worker] DEBUG org.springframework.boot.test.context.SpringBootTestContextBootstrapper - Neither @ContextConfiguration nor @ContextHierarchy found for test class [InbankBackendApplicationTests]: using SpringBootContextLoader
23:47:11.479 [Test worker] DEBUG org.springframework.test.context.support.AbstractContextLoader - Could not detect default resource locations for test class [ee.taltech.inbankbackend.InbankBackendApplicationTests]: no resource found for suffixes {-context.xml, Context.groovy}.
23:47:11.480 [Test worker] INFO org.springframework.test.context.support.AnnotationConfigContextLoaderUtils - Could not detect default configuration classes for test class [ee.taltech.inbankbackend.InbankBackendApplicationTests]: InbankBackendApplicationTests does not declare any static, non-private, non-final, nested classes annotated with @Configuration.
23:47:11.489 [Test worker] DEBUG org.springframework.boot.test.context.SpringBootTestContextBootstrapper - Using ContextCustomizers for test class [InbankBackendApplicationTests]: [DisableObservabilityContextCustomizer, PropertyMappingContextCustomizer, Customizer, ExcludeFilterContextCustomizer, DuplicateJsonObjectContextCustomizer, MockitoContextCustomizer, TestRestTemplateContextCustomizer]
23:47:11.514 [Test worker] DEBUG org.springframework.context.annotation.ClassPathScanningCandidateComponentProvider - Identified candidate component class: file [/Users/ukmets/dev/InbankDecisionEngine/intern-decision-engine-backend/build/classes/java/main/ee/taltech/inbankbackend/InbankBackendApplication.class]
23:47:11.515 [Test worker] INFO org.springframework.boot.test.context.SpringBootTestContextBootstrapper - Found @SpringBootConfiguration ee.taltech.inbankbackend.InbankBackendApplication for test class ee.taltech.inbankbackend.InbankBackendApplicationTests
23:47:11.544 [Test worker] DEBUG org.springframework.test.context.util.TestContextSpringFactoriesUtils - Skipping candidate TestExecutionListener [org.springframework.test.context.transaction.TransactionalTestExecutionListener] due to a missing dependency. Specify custom TestExecutionListener classes or make the default TestExecutionListener classes and their required dependencies available. Offending class: [org/springframework/transaction/interceptor/TransactionAttributeSource]
23:47:11.544 [Test worker] DEBUG org.springframework.test.context.util.TestContextSpringFactoriesUtils - Skipping candidate TestExecutionListener [org.springframework.test.context.jdbc.SqlScriptsTestExecutionListener] due to a missing dependency. Specify custom TestExecutionListener classes or make the default TestExecutionListener classes and their required dependencies available. Offending class: [org/springframework/transaction/interceptor/TransactionAttribute]
23:47:11.545 [Test worker] DEBUG org.springframework.boot.test.context.SpringBootTestContextBootstrapper - Using TestExecutionListeners for test class [InbankBackendApplicationTests]: [ServletTestExecutionListener, DirtiesContextBeforeModesTestExecutionListener, ApplicationEventsTestExecutionListener, MockitoTestExecutionListener, DependencyInjectionTestExecutionListener, DirtiesContextTestExecutionListener, EventPublishingTestExecutionListener, RestDocsTestExecutionListener, MockRestServiceServerResetTestExecutionListener, MockMvcPrintOnlyOnFailureTestExecutionListener, WebDriverTestExecutionListener, MockWebServiceServerTestExecutionListener, ResetMocksTestExecutionListener]
23:47:11.546 [Test worker] DEBUG org.springframework.test.context.support.AbstractDirtiesContextTestExecutionListener - Before test class: class [InbankBackendApplicationTests], class annotated with @DirtiesContext [false] with mode [null]

  .   ____          _            __ _ _
 /\\ / ___'_ __ _ _(_)_ __  __ _ \ \ \ \
( ( )\___ | '_ | '_| | '_ \/ _` | \ \ \ \
 \\/  ___)| |_)| | | | | || (_| |  ) ) ) )
  '  |____| .__|_| |_|_| |_\__, | / / / /
 =========|_|==============|___/=/_/_/_/
 :: Spring Boot ::                (v3.0.4)

2024-04-15T23:47:11.641+03:00  INFO 33195 --- [    Test worker] e.t.i.InbankBackendApplicationTests      : Starting InbankBackendApplicationTests using Java 17.0.10 with PID 33195 (started by root in /Users/ukmets/dev/InbankDecisionEngine/intern-decision-engine-backend)
2024-04-15T23:47:11.642+03:00  INFO 33195 --- [    Test worker] e.t.i.InbankBackendApplicationTests      : No active profile set, falling back to 1 default profile: "default"
2024-04-15T23:47:12.030+03:00  INFO 33195 --- [    Test worker] e.t.i.InbankBackendApplicationTests      : Started InbankBackendApplicationTests in 0.47 seconds (process running for 1.087)
]]></system-out>
  <system-err><![CDATA[]]></system-err>
</testsuite>
